action: regression_model, msg: getenv
cwd: /Users/salmaelshahawy/Desktop/prediction_app/packages/regression_model
cmd: /Users/salmaelshahawy/Desktop/prediction_app/packages/regression_model/.tox/regression_model/bin/pip install -rrequirements.txt
Collecting numpy<1.19.0,>=1.18.1
  Using cached numpy-1.18.5-cp38-cp38-macosx_10_9_x86_64.whl (15.1 MB)
Collecting pandas<0.26.0,>=0.25.3
  Using cached pandas-0.25.3-cp38-cp38-macosx_10_9_x86_64.whl (10.3 MB)
Collecting scikit-learn<0.23.0,>=0.22.1
  Using cached scikit_learn-0.22.2.post1-cp38-cp38-macosx_10_9_x86_64.whl (7.2 MB)
Collecting joblib<0.15.0,>=0.14.1
  Using cached joblib-0.14.1-py2.py3-none-any.whl (294 kB)
Collecting python-dateutil>=2.6.1
  Using cached python_dateutil-2.8.1-py2.py3-none-any.whl (227 kB)
Collecting pytz>=2017.2
  Using cached pytz-2020.1-py2.py3-none-any.whl (510 kB)
Collecting scipy>=0.17.0
  Using cached scipy-1.5.2-cp38-cp38-macosx_10_9_x86_64.whl (28.9 MB)
Collecting six>=1.5
  Using cached six-1.15.0-py2.py3-none-any.whl (10 kB)
Installing collected packages: numpy, six, python-dateutil, pytz, pandas, scipy, joblib, scikit-learn
Successfully installed joblib-0.14.1 numpy-1.18.5 pandas-0.25.3 python-dateutil-2.8.1 pytz-2020.1 scikit-learn-0.22.2.post1 scipy-1.5.2 six-1.15.0
WARNING: You are using pip version 20.0.2; however, version 20.2.3 is available.
You should consider upgrading via the '/Users/salmaelshahawy/Desktop/prediction_app/packages/regression_model/.tox/regression_model/bin/python -m pip install --upgrade pip' command.
